How IAM Federation Works:

IAM federation enables you to establish trust between AWS and external identity providers, allowing users to authenticate with their existing credentials.
When a user attempts to access AWS resources, they are redirected to the external IdP's authentication page to provide their credentials.
Upon successful authentication, the IdP issues a security token that contains information about the user and their permissions.
The user presents the security token to AWS when accessing resources, and AWS validates the token to authorize access based on IAM policies.
Integration with External Identity Providers:

AWS supports integration with a variety of external identity providers, including SAML 2.0-compliant IdPs, such as Microsoft Active Directory Federation Services (AD FS), Okta, Azure AD, and others.
Integration typically involves configuring a trust relationship between AWS and the external IdP by exchanging metadata, such as SAML metadata documents.
The IdP must be configured to provide assertions (security tokens) in SAML format containing information about the authenticated user, such as their identity and group membership.
AWS IAM roles are created to define the permissions that federated users can assume. These roles are associated with IAM policies that specify the permissions granted to federated users.
SSO Access to AWS Resources:

Once federation is configured, users can sign in to the external IdP using their existing credentials.
After authentication, users can access AWS resources seamlessly without having to provide additional credentials. They can assume IAM roles associated with their identities in the external IdP.
Federated users are subject to IAM policies and permissions boundaries, ensuring that they have appropriate access to AWS resources based on their roles and permissions.
Benefits of IAM Federation:

Simplified User Management: Eliminates the need to create and manage IAM users in AWS, reducing administrative overhead.
Centralized Authentication: Users can use their existing credentials from trusted IdPs, providing a consistent authentication experience across systems.
Enhanced Security: Federation enables centralized authentication and access control, reducing the risk of credential sprawl and unauthorized access.
Configuring IAM Federation:

Configuration steps vary depending on the external IdP used. AWS provides detailed documentation and tutorials for integrating with various IdPs.
Key steps typically include configuring trust relationships, creating IAM roles, defining IAM policies, and configuring IdP-specific settings.
